<?xml version="1.0" encoding="UTF-8"?>
<!-- Generated by org.testng.reporters.JUnitXMLReporter -->
<testsuite hostname="LM-MAA-00668751" name="Test" tests="3" failures="0" timestamp="16 Dec 2014 06:50:03 GMT" time="0.017" errors="0">
  <testcase name="@BeforeTest beforeTest" time="0.0" classname="seleniumTraining.TestNgMethodExample">
    <skipped/>
  </testcase> <!-- @BeforeTest beforeTest -->
  <testcase name="@BeforeMethod openBrowser" time="0.0" classname="seleniumTraining.TestNgMethodExample">
    <skipped/>
  </testcase> <!-- @BeforeMethod openBrowser -->
  <testcase name="@AfterMethod closeBrowser" time="0.0" classname="seleniumTraining.TestNgMethodExample">
    <skipped/>
  </testcase> <!-- @AfterMethod closeBrowser -->
  <testcase name="@BeforeMethod openBrowser" time="0.0" classname="seleniumTraining.TestNgMethodExample">
    <skipped/>
  </testcase> <!-- @BeforeMethod openBrowser -->
  <testcase name="@AfterMethod closeBrowser" time="0.0" classname="seleniumTraining.TestNgMethodExample">
    <skipped/>
  </testcase> <!-- @AfterMethod closeBrowser -->
  <testcase name="@AfterTest afterTest" time="0.0" classname="seleniumTraining.TestNgMethodExample">
    <skipped/>
  </testcase> <!-- @AfterTest afterTest -->
  <testcase name="ReceiveEmail" time="0.001" classname="seleniumTraining.TestNgMethodExample">
    <skipped/>
  </testcase> <!-- ReceiveEmail -->
  <testcase name="sendEmail" time="0.001" classname="seleniumTraining.TestNgMethodExample">
    <skipped/>
  </testcase> <!-- sendEmail -->
  <testcase name="test" time="0.001" classname="seleniumTraining.YahooTest">
    <skipped/>
  </testcase> <!-- test -->
</testsuite> <!-- Test -->
