<?xml version="1.0" encoding="UTF-8"?>
<testng-results skipped="0" failed="0" total="3" passed="3">
  <reporter-output>
  </reporter-output>
  <suite name="Default suite" duration-ms="20" started-at="2016-04-06T05:28:15Z" finished-at="2016-04-06T05:28:15Z">
    <groups>
    </groups>
    <test name="Default test" duration-ms="20" started-at="2016-04-06T05:28:15Z" finished-at="2016-04-06T05:28:15Z">
      <class name="seleniumTraining.TestPriority">
        <test-method status="PASS" signature="test2()[pri:0, instance:seleniumTraining.TestPriority@6e56103e]" name="test2" duration-ms="9" started-at="2016-04-06T10:58:15Z" finished-at="2016-04-06T10:58:15Z">
          <reporter-output>
          </reporter-output>
        </test-method> <!-- test2 -->
        <test-method status="PASS" signature="test3()[pri:0, instance:seleniumTraining.TestPriority@6e56103e]" name="test3" duration-ms="0" started-at="2016-04-06T10:58:15Z" finished-at="2016-04-06T10:58:15Z">
          <reporter-output>
          </reporter-output>
        </test-method> <!-- test3 -->
        <test-method status="PASS" signature="test1()[pri:0, instance:seleniumTraining.TestPriority@6e56103e]" name="test1" duration-ms="1" started-at="2016-04-06T10:58:15Z" finished-at="2016-04-06T10:58:15Z">
          <reporter-output>
          </reporter-output>
        </test-method> <!-- test1 -->
      </class> <!-- seleniumTraining.TestPriority -->
    </test> <!-- Default test -->
  </suite> <!-- Default suite -->
</testng-results>
