<?xml version="1.0" encoding="UTF-8"?>
<!-- Generated by org.testng.reporters.JUnitXMLReporter -->
<testsuite hostname="LM-MAA-00668751" name="Default test" tests="3" failures="0" timestamp="6 Apr 2016 05:28:16 GMT" time="0.02" errors="0">
  <testcase name="test2" time="0.009" classname="seleniumTraining.TestPriority"/>
  <testcase name="test3" time="0.0" classname="seleniumTraining.TestPriority"/>
  <testcase name="test1" time="0.001" classname="seleniumTraining.TestPriority"/>
</testsuite> <!-- Default test -->
